Oct 01 10:04:56  [info] $Fatal Error Details = Array
(
    [message] => 
    [code] => 
)


Oct 01 10:04:56  [info] $backTrace = #0 /var/www/html/sites/all/modules/civicrm/CRM/Core/Error.php(315): CRM_Core_Error::backtrace("backTrace", TRUE)
#1 /var/www/html/sites/all/modules/civicrm/CRM/Core/DAO.php(754): CRM_Core_Error::fatal()
#2 /var/www/html/sites/all/modules/civicrm/CRM/Contact/BAO/Contact/Permission.php(52): CRM_Core_DAO::getFieldValue("CRM_Contact_DAO_Contact", NULL, "is_deleted")
#3 /var/www/html/sites/all/modules/civicrm/CRM/Dashlet/Page/Activity.php(63): CRM_Contact_BAO_Contact_Permission::allow(NULL, 1)
#4 /var/www/html/sites/all/modules/civicrm/CRM/Core/Invoke.php(292): CRM_Dashlet_Page_Activity->run((Array:3), NULL)
#5 /var/www/html/sites/all/modules/civicrm/CRM/Core/Invoke.php(70): CRM_Core_Invoke::runItem((Array:13))
#6 /var/www/html/sites/all/modules/civicrm/CRM/Core/Invoke.php(52): CRM_Core_Invoke::_invoke((Array:3))
#7 /var/www/html/sites/all/modules/civicrm/drupal/civicrm.module(436): CRM_Core_Invoke::invoke((Array:3))
#8 [internal function](): civicrm_invoke("dashlet", "activity")
#9 /var/www/html/includes/menu.inc(517): call_user_func_array("civicrm_invoke", (Array:2))
#10 /var/www/html/index.php(21): menu_execute_active_handler()
#11 {main}


Oct 01 14:58:25  [info] $IDS Detector Details = Array
(
    [0] => Array
        (
            [name] => crmasmSelect0
            [value] => - select -
            [page] => /civicrm/contact/search/advanced
            [userid] => 8
            [session] => G_O4N4lmrE5Pme0DYL6TeAnomRUklSevA_6TsRaMsjw
            [ip] => 204.244.185.88
            [reaction] => 0
            [impact] => 25
        )

    [1] => Array
        (
            [name] => crmasmSelect1
            [value] => - select -
            [page] => /civicrm/contact/search/advanced
            [userid] => 8
            [session] => G_O4N4lmrE5Pme0DYL6TeAnomRUklSevA_6TsRaMsjw
            [ip] => 204.244.185.88
            [reaction] => 0
            [impact] => 25
        )

    [2] => Array
        (
            [name] => crmasmSelect2
            [value] => - select -
            [page] => /civicrm/contact/search/advanced
            [userid] => 8
            [session] => G_O4N4lmrE5Pme0DYL6TeAnomRUklSevA_6TsRaMsjw
            [ip] => 204.244.185.88
            [reaction] => 0
            [impact] => 25
        )

    [3] => Array
        (
            [name] => crmasmSelect3
            [value] => - select -
            [page] => /civicrm/contact/search/advanced
            [userid] => 8
            [session] => G_O4N4lmrE5Pme0DYL6TeAnomRUklSevA_6TsRaMsjw
            [ip] => 204.244.185.88
            [reaction] => 0
            [impact] => 25
        )

    [4] => Array
        (
            [name] => crmasmSelect4
            [value] => - select -
            [page] => /civicrm/contact/search/advanced
            [userid] => 8
            [session] => G_O4N4lmrE5Pme0DYL6TeAnomRUklSevA_6TsRaMsjw
            [ip] => 204.244.185.88
            [reaction] => 0
            [impact] => 25
        )

)


Oct 02 15:01:35  [info] $Fatal Error Details = Array
(
    [message] => 
    [code] => 
)


Oct 02 15:01:35  [info] $backTrace = #0 /var/www/html/sites/all/modules/civicrm/CRM/Core/Error.php(315): CRM_Core_Error::backtrace("backTrace", TRUE)
#1 /var/www/html/sites/all/modules/civicrm/CRM/Core/DAO.php(754): CRM_Core_Error::fatal()
#2 /var/www/html/sites/all/modules/civicrm/CRM/Contact/BAO/Contact/Permission.php(52): CRM_Core_DAO::getFieldValue("CRM_Contact_DAO_Contact", NULL, "is_deleted")
#3 /var/www/html/sites/all/modules/civicrm/CRM/Dashlet/Page/Activity.php(63): CRM_Contact_BAO_Contact_Permission::allow(NULL, 1)
#4 /var/www/html/sites/all/modules/civicrm/CRM/Core/Invoke.php(292): CRM_Dashlet_Page_Activity->run((Array:3), NULL)
#5 /var/www/html/sites/all/modules/civicrm/CRM/Core/Invoke.php(70): CRM_Core_Invoke::runItem((Array:13))
#6 /var/www/html/sites/all/modules/civicrm/CRM/Core/Invoke.php(52): CRM_Core_Invoke::_invoke((Array:3))
#7 /var/www/html/sites/all/modules/civicrm/drupal/civicrm.module(436): CRM_Core_Invoke::invoke((Array:3))
#8 [internal function](): civicrm_invoke("dashlet", "activity")
#9 /var/www/html/includes/menu.inc(517): call_user_func_array("civicrm_invoke", (Array:2))
#10 /var/www/html/index.php(21): menu_execute_active_handler()
#11 {main}


Oct 03 10:23:37  [info] $Fatal Error Details = Array
(
    [message] =>  is not of the type Positive
    [code] => 
)


Oct 03 10:23:37  [info] $backTrace = #0 /var/www/html/sites/all/modules/civicrm/CRM/Core/Error.php(315): CRM_Core_Error::backtrace("backTrace", TRUE)
#1 /var/www/html/sites/all/modules/civicrm/CRM/Utils/Type.php(229): CRM_Core_Error::fatal(" is not of the type Positive")
#2 /var/www/html/sites/all/modules/civicrm/CRM/Core/BAO/UFGroup.php(278): CRM_Utils_Type::escape(NULL, "Positive")
#3 /var/www/html/sites/all/modules/civicrm/CRM/Core/BAO/UFGroup.php(2866): CRM_Core_BAO_UFGroup::getFields(NULL, FALSE, NULL, NULL, NULL, TRUE, NULL, TRUE)
#4 /var/www/html/sites/all/modules/civicrm/CRM/UF/Form/Field.php(799): CRM_Core_BAO_UFGroup::calculateGroupType(NULL, FALSE, "69")
#5 [internal function](): CRM_UF_Form_Field::formRule((Array:13), (Array:0), Object(CRM_UF_Form_Field))
#6 /var/www/html/sites/all/modules/civicrm/packages/HTML/QuickForm.php(1598): call_user_func((Array:2), (Array:13), (Array:0), Object(CRM_UF_Form_Field))
#7 /var/www/html/sites/all/modules/civicrm/CRM/Core/Form.php(299): HTML_QuickForm->validate()
#8 /var/www/html/sites/all/modules/civicrm/CRM/Core/StateMachine.php(142): CRM_Core_Form->validate()
#9 /var/www/html/sites/all/modules/civicrm/CRM/Core/QuickForm/Action/Next.php(60): CRM_Core_StateMachine->perform(Object(CRM_UF_Form_Field), "next", "Next")
#10 /var/www/html/sites/all/modules/civicrm/packages/HTML/QuickForm/Controller.php(203): CRM_Core_QuickForm_Action_Next->perform(Object(CRM_UF_Form_Field), "next")
#11 /var/www/html/sites/all/modules/civicrm/packages/HTML/QuickForm/Page.php(103): HTML_QuickForm_Controller->handle(Object(CRM_UF_Form_Field), "next")
#12 /var/www/html/sites/all/modules/civicrm/CRM/Core/Controller.php(316): HTML_QuickForm_Page->handle("next")
#13 /var/www/html/sites/all/modules/civicrm/CRM/Utils/Wrapper.php(117): CRM_Core_Controller->run()
#14 /var/www/html/sites/all/modules/civicrm/CRM/Core/Invoke.php(266): CRM_Utils_Wrapper->run("CRM_UF_Form_Field", "Edit Field", NULL)
#15 /var/www/html/sites/all/modules/civicrm/CRM/Core/Invoke.php(70): CRM_Core_Invoke::runItem((Array:13))
#16 /var/www/html/sites/all/modules/civicrm/CRM/Core/Invoke.php(52): CRM_Core_Invoke::_invoke((Array:6))
#17 /var/www/html/sites/all/modules/civicrm/drupal/civicrm.module(436): CRM_Core_Invoke::invoke((Array:6))
#18 [internal function](): civicrm_invoke("admin", "uf", "group", "field", "update")
#19 /var/www/html/includes/menu.inc(517): call_user_func_array("civicrm_invoke", (Array:5))
#20 /var/www/html/index.php(21): menu_execute_active_handler()
#21 {main}


Oct 03 15:20:11  [info] $Fatal Error Details = Array
(
    [message] => 
    [code] => 
)


Oct 03 15:20:11  [info] $backTrace = #0 /var/www/html/sites/all/modules/civicrm/CRM/Core/Error.php(315): CRM_Core_Error::backtrace("backTrace", TRUE)
#1 /var/www/html/sites/all/modules/civicrm/CRM/Core/DAO.php(754): CRM_Core_Error::fatal()
#2 /var/www/html/sites/all/modules/civicrm/CRM/Contact/BAO/Contact/Permission.php(52): CRM_Core_DAO::getFieldValue("CRM_Contact_DAO_Contact", NULL, "is_deleted")
#3 /var/www/html/sites/all/modules/civicrm/CRM/Dashlet/Page/Activity.php(63): CRM_Contact_BAO_Contact_Permission::allow(NULL, 1)
#4 /var/www/html/sites/all/modules/civicrm/CRM/Core/Invoke.php(292): CRM_Dashlet_Page_Activity->run((Array:3), NULL)
#5 /var/www/html/sites/all/modules/civicrm/CRM/Core/Invoke.php(70): CRM_Core_Invoke::runItem((Array:13))
#6 /var/www/html/sites/all/modules/civicrm/CRM/Core/Invoke.php(52): CRM_Core_Invoke::_invoke((Array:3))
#7 /var/www/html/sites/all/modules/civicrm/drupal/civicrm.module(436): CRM_Core_Invoke::invoke((Array:3))
#8 [internal function](): civicrm_invoke("dashlet", "activity")
#9 /var/www/html/includes/menu.inc(517): call_user_func_array("civicrm_invoke", (Array:2))
#10 /var/www/html/index.php(21): menu_execute_active_handler()
#11 {main}


